2025-12-26T10:55:35: PM2 log: ===============================================================================
2025-12-26T10:55:35: PM2 log: --- New PM2 Daemon started ----------------------------------------------------
2025-12-26T10:55:35: PM2 log: Time                 : Fri Dec 26 2025 10:55:35 GMT+0500 (Pakistan Standard Time)
2025-12-26T10:55:35: PM2 log: PM2 version          : 6.0.14
2025-12-26T10:55:35: PM2 log: Node.js version      : 24.12.0
2025-12-26T10:55:35: PM2 log: Current arch         : arm64
2025-12-26T10:55:35: PM2 log: PM2 home             : /data/data/com.termux/files/home/.pm2
2025-12-26T10:55:35: PM2 log: PM2 PID file         : /data/data/com.termux/files/home/.pm2/pm2.pid
2025-12-26T10:55:35: PM2 log: RPC socket file      : /data/data/com.termux/files/home/.pm2/rpc.sock
2025-12-26T10:55:35: PM2 log: BUS socket file      : /data/data/com.termux/files/home/.pm2/pub.sock
2025-12-26T10:55:35: PM2 log: Application log path : /data/data/com.termux/files/home/.pm2/logs
2025-12-26T10:55:35: PM2 log: Worker Interval      : 30000
2025-12-26T10:55:35: PM2 log: Process dump file    : /data/data/com.termux/files/home/.pm2/dump.pm2
2025-12-26T10:55:35: PM2 log: Concurrent actions   : 2
2025-12-26T10:55:35: PM2 log: SIGTERM timeout      : 1600
2025-12-26T10:55:35: PM2 log: Runtime Binary       : /data/data/com.termux/files/usr/bin/node
2025-12-26T10:55:35: PM2 log: ===============================================================================
2025-12-26T10:58:05: PM2 log: App [launcher-engine:0] starting in -fork mode-
2025-12-26T10:58:05: PM2 log: App [launcher-engine:0] online
2025-12-26T10:58:05: PM2 warn: [pidusage] We couldn't find uptime from /proc/uptime, using os.uptime() value
2025-12-26T10:58:05: PM2 error: Error while calling "getconf PAGESIZE" Error: Command failed: getconf PAGESIZE
/data/data/com.termux/files/usr/bin/sh: 1: getconf: not found

    at genericNodeError (node:internal/errors:985:15)
    at wrappedFn (node:internal/errors:539:14)
    at ChildProcess.exithandler (node:child_process:417:12)
    at ChildProcess.emit (node:events:508:28)
    at ChildProcess.emit (node:domain:552:15)
    at maybeClose (node:internal/child_process:1101:16)
    at Socket.<anonymous> (node:internal/child_process:457:11)
    at Socket.emit (node:events:508:28)
    at Socket.emit (node:domain:552:15)
    at Pipe.<anonymous> (node:net:346:12) {
  code: 127,
  killed: false,
  signal: null,
  cmd: 'getconf PAGESIZE'
}
2025-12-26T10:58:05: PM2 error: Error while calling "getconf CLK_TCK" Error: Command failed: getconf CLK_TCK
/data/data/com.termux/files/usr/bin/sh: 1: getconf: not found

    at genericNodeError (node:internal/errors:985:15)
    at wrappedFn (node:internal/errors:539:14)
    at ChildProcess.exithandler (node:child_process:417:12)
    at ChildProcess.emit (node:events:508:28)
    at ChildProcess.emit (node:domain:552:15)
    at maybeClose (node:internal/child_process:1101:16)
    at Socket.<anonymous> (node:internal/child_process:457:11)
    at Socket.emit (node:events:508:28)
    at Socket.emit (node:domain:552:15)
    at Pipe.<anonymous> (node:net:346:12) {
  code: 127,
  killed: false,
  signal: null,
  cmd: 'getconf CLK_TCK'
}
2025-12-26T10:58:05: PM2 warn: [pidusage] We couldn't find uptime from /proc/uptime, using os.uptime() value
2025-12-26T10:58:35: PM2 warn: [pidusage] We couldn't find uptime from /proc/uptime, using os.uptime() value
2025-12-26T10:59:05: PM2 warn: [pidusage] We couldn't find uptime from /proc/uptime, using os.uptime() value
2025-12-26T10:59:35: PM2 warn: [pidusage] We couldn't find uptime from /proc/uptime, using os.uptime() value
2025-12-26T11:00:05: PM2 warn: [pidusage] We couldn't find uptime from /proc/uptime, using os.uptime() value
2025-12-26T11:00:35: PM2 warn: [pidusage] We couldn't find uptime from /proc/uptime, using os.uptime() value
2025-12-26T11:01:05: PM2 warn: [pidusage] We couldn't find uptime from /proc/uptime, using os.uptime() value
2025-12-26T11:01:35: PM2 warn: [pidusage] We couldn't find uptime from /proc/uptime, using os.uptime() value
2025-12-26T11:02:05: PM2 warn: [pidusage] We couldn't find uptime from /proc/uptime, using os.uptime() value
2025-12-26T11:02:35: PM2 warn: [pidusage] We couldn't find uptime from /proc/uptime, using os.uptime() value
2025-12-26T11:03:05: PM2 warn: [pidusage] We couldn't find uptime from /proc/uptime, using os.uptime() value
2025-12-26T11:03:35: PM2 warn: [pidusage] We couldn't find uptime from /proc/uptime, using os.uptime() value
2025-12-26T11:04:05: PM2 warn: [pidusage] We couldn't find uptime from /proc/uptime, using os.uptime() value
2025-12-26T11:04:35: PM2 warn: [pidusage] We couldn't find uptime from /proc/uptime, using os.uptime() value
2025-12-26T11:05:05: PM2 warn: [pidusage] We couldn't find uptime from /proc/uptime, using os.uptime() value
2025-12-26T11:05:35: PM2 warn: [pidusage] We couldn't find uptime from /proc/uptime, using os.uptime() value
2025-12-26T11:06:05: PM2 warn: [pidusage] We couldn't find uptime from /proc/uptime, using os.uptime() value
2025-12-26T11:06:35: PM2 warn: [pidusage] We couldn't find uptime from /proc/uptime, using os.uptime() value
2025-12-26T11:07:05: PM2 warn: [pidusage] We couldn't find uptime from /proc/uptime, using os.uptime() value
2025-12-26T11:07:35: PM2 warn: [pidusage] We couldn't find uptime from /proc/uptime, using os.uptime() value
2025-12-26T11:08:05: PM2 warn: [pidusage] We couldn't find uptime from /proc/uptime, using os.uptime() value
2025-12-26T11:08:35: PM2 warn: [pidusage] We couldn't find uptime from /proc/uptime, using os.uptime() value
2025-12-26T11:09:05: PM2 warn: [pidusage] We couldn't find uptime from /proc/uptime, using os.uptime() value
2025-12-26T11:09:35: PM2 warn: [pidusage] We couldn't find uptime from /proc/uptime, using os.uptime() value
2025-12-26T11:10:05: PM2 warn: [pidusage] We couldn't find uptime from /proc/uptime, using os.uptime() value
2025-12-26T11:10:35: PM2 warn: [pidusage] We couldn't find uptime from /proc/uptime, using os.uptime() value
2025-12-26T11:11:05: PM2 warn: [pidusage] We couldn't find uptime from /proc/uptime, using os.uptime() value
2025-12-26T11:11:35: PM2 warn: [pidusage] We couldn't find uptime from /proc/uptime, using os.uptime() value
2025-12-26T11:12:05: PM2 warn: [pidusage] We couldn't find uptime from /proc/uptime, using os.uptime() value
2025-12-26T11:12:35: PM2 warn: [pidusage] We couldn't find uptime from /proc/uptime, using os.uptime() value
2025-12-26T11:13:05: PM2 warn: [pidusage] We couldn't find uptime from /proc/uptime, using os.uptime() value
2025-12-26T11:13:35: PM2 warn: [pidusage] We couldn't find uptime from /proc/uptime, using os.uptime() value
2025-12-26T11:14:05: PM2 warn: [pidusage] We couldn't find uptime from /proc/uptime, using os.uptime() value
2025-12-26T11:14:35: PM2 warn: [pidusage] We couldn't find uptime from /proc/uptime, using os.uptime() value
2025-12-26T11:14:36: PM2 warn: [pidusage] We couldn't find uptime from /proc/uptime, using os.uptime() value
2025-12-26T11:14:36: PM2 log: Stopping app:launcher-engine id:0
2025-12-26T11:14:36: PM2 log: App [launcher-engine:0] exited with code [0] via signal [SIGINT]
2025-12-26T11:14:36: PM2 log: pid=415 msg=process killed
2025-12-26T11:14:36: PM2 log: App [launcher-engine:0] starting in -fork mode-
2025-12-26T11:14:36: PM2 log: App [launcher-engine:0] online
2025-12-26T11:14:36: PM2 warn: [pidusage] We couldn't find uptime from /proc/uptime, using os.uptime() value
2025-12-26T11:15:05: PM2 warn: [pidusage] We couldn't find uptime from /proc/uptime, using os.uptime() value
2025-12-26T11:15:35: PM2 warn: [pidusage] We couldn't find uptime from /proc/uptime, using os.uptime() value
2025-12-26T11:16:05: PM2 warn: [pidusage] We couldn't find uptime from /proc/uptime, using os.uptime() value
2025-12-26T11:16:35: PM2 warn: [pidusage] We couldn't find uptime from /proc/uptime, using os.uptime() value
2025-12-26T11:17:05: PM2 warn: [pidusage] We couldn't find uptime from /proc/uptime, using os.uptime() value
2025-12-26T11:17:35: PM2 warn: [pidusage] We couldn't find uptime from /proc/uptime, using os.uptime() value
2025-12-26T11:18:05: PM2 warn: [pidusage] We couldn't find uptime from /proc/uptime, using os.uptime() value
2025-12-26T11:18:35: PM2 warn: [pidusage] We couldn't find uptime from /proc/uptime, using os.uptime() value
2025-12-26T11:19:05: PM2 warn: [pidusage] We couldn't find uptime from /proc/uptime, using os.uptime() value
2025-12-26T11:19:35: PM2 warn: [pidusage] We couldn't find uptime from /proc/uptime, using os.uptime() value
2025-12-26T11:20:05: PM2 warn: [pidusage] We couldn't find uptime from /proc/uptime, using os.uptime() value
2025-12-26T11:20:35: PM2 warn: [pidusage] We couldn't find uptime from /proc/uptime, using os.uptime() value
2025-12-26T11:21:05: PM2 warn: [pidusage] We couldn't find uptime from /proc/uptime, using os.uptime() value
2025-12-26T11:21:35: PM2 warn: [pidusage] We couldn't find uptime from /proc/uptime, using os.uptime() value
2025-12-26T11:22:05: PM2 warn: [pidusage] We couldn't find uptime from /proc/uptime, using os.uptime() value
2025-12-26T11:22:35: PM2 warn: [pidusage] We couldn't find uptime from /proc/uptime, using os.uptime() value
2025-12-26T11:23:05: PM2 warn: [pidusage] We couldn't find uptime from /proc/uptime, using os.uptime() value
2025-12-26T11:23:35: PM2 warn: [pidusage] We couldn't find uptime from /proc/uptime, using os.uptime() value
2025-12-26T11:24:05: PM2 warn: [pidusage] We couldn't find uptime from /proc/uptime, using os.uptime() value
2025-12-26T11:24:35: PM2 warn: [pidusage] We couldn't find uptime from /proc/uptime, using os.uptime() value
2025-12-26T11:25:05: PM2 warn: [pidusage] We couldn't find uptime from /proc/uptime, using os.uptime() value
2025-12-26T11:25:35: PM2 warn: [pidusage] We couldn't find uptime from /proc/uptime, using os.uptime() value
2025-12-26T11:26:05: PM2 warn: [pidusage] We couldn't find uptime from /proc/uptime, using os.uptime() value
2025-12-26T11:26:35: PM2 warn: [pidusage] We couldn't find uptime from /proc/uptime, using os.uptime() value
2025-12-26T11:27:05: PM2 warn: [pidusage] We couldn't find uptime from /proc/uptime, using os.uptime() value
2025-12-26T11:27:35: PM2 warn: [pidusage] We couldn't find uptime from /proc/uptime, using os.uptime() value
2025-12-26T11:28:05: PM2 warn: [pidusage] We couldn't find uptime from /proc/uptime, using os.uptime() value
2025-12-26T11:28:35: PM2 warn: [pidusage] We couldn't find uptime from /proc/uptime, using os.uptime() value
2025-12-26T11:29:05: PM2 warn: [pidusage] We couldn't find uptime from /proc/uptime, using os.uptime() value
2025-12-26T11:29:35: PM2 warn: [pidusage] We couldn't find uptime from /proc/uptime, using os.uptime() value
2025-12-26T11:30:05: PM2 warn: [pidusage] We couldn't find uptime from /proc/uptime, using os.uptime() value
2025-12-26T11:30:35: PM2 warn: [pidusage] We couldn't find uptime from /proc/uptime, using os.uptime() value
2025-12-26T11:31:05: PM2 warn: [pidusage] We couldn't find uptime from /proc/uptime, using os.uptime() value
2025-12-26T11:31:35: PM2 warn: [pidusage] We couldn't find uptime from /proc/uptime, using os.uptime() value
2025-12-26T11:32:05: PM2 warn: [pidusage] We couldn't find uptime from /proc/uptime, using os.uptime() value
2025-12-26T11:32:35: PM2 warn: [pidusage] We couldn't find uptime from /proc/uptime, using os.uptime() value
2025-12-26T11:33:05: PM2 warn: [pidusage] We couldn't find uptime from /proc/uptime, using os.uptime() value
2025-12-26T11:33:35: PM2 warn: [pidusage] We couldn't find uptime from /proc/uptime, using os.uptime() value
2025-12-26T11:34:05: PM2 warn: [pidusage] We couldn't find uptime from /proc/uptime, using os.uptime() value
2025-12-26T11:34:35: PM2 warn: [pidusage] We couldn't find uptime from /proc/uptime, using os.uptime() value
2025-12-26T11:35:05: PM2 warn: [pidusage] We couldn't find uptime from /proc/uptime, using os.uptime() value
2025-12-26T11:35:35: PM2 warn: [pidusage] We couldn't find uptime from /proc/uptime, using os.uptime() value
2025-12-26T11:36:05: PM2 warn: [pidusage] We couldn't find uptime from /proc/uptime, using os.uptime() value
2025-12-26T11:36:35: PM2 warn: [pidusage] We couldn't find uptime from /proc/uptime, using os.uptime() value
2025-12-26T11:37:05: PM2 warn: [pidusage] We couldn't find uptime from /proc/uptime, using os.uptime() value
2025-12-26T11:37:35: PM2 warn: [pidusage] We couldn't find uptime from /proc/uptime, using os.uptime() value
2025-12-26T11:38:05: PM2 warn: [pidusage] We couldn't find uptime from /proc/uptime, using os.uptime() value
2025-12-26T11:38:35: PM2 warn: [pidusage] We couldn't find uptime from /proc/uptime, using os.uptime() value
2025-12-26T11:39:05: PM2 warn: [pidusage] We couldn't find uptime from /proc/uptime, using os.uptime() value
2025-12-26T11:39:35: PM2 warn: [pidusage] We couldn't find uptime from /proc/uptime, using os.uptime() value
2025-12-26T11:40:05: PM2 warn: [pidusage] We couldn't find uptime from /proc/uptime, using os.uptime() value
2025-12-26T11:40:35: PM2 warn: [pidusage] We couldn't find uptime from /proc/uptime, using os.uptime() value
2025-12-26T11:41:05: PM2 warn: [pidusage] We couldn't find uptime from /proc/uptime, using os.uptime() value
2025-12-26T11:41:35: PM2 warn: [pidusage] We couldn't find uptime from /proc/uptime, using os.uptime() value
2025-12-26T11:42:05: PM2 warn: [pidusage] We couldn't find uptime from /proc/uptime, using os.uptime() value
2025-12-26T11:42:35: PM2 warn: [pidusage] We couldn't find uptime from /proc/uptime, using os.uptime() value
2025-12-26T11:43:05: PM2 warn: [pidusage] We couldn't find uptime from /proc/uptime, using os.uptime() value
2025-12-26T11:43:35: PM2 warn: [pidusage] We couldn't find uptime from /proc/uptime, using os.uptime() value
2025-12-26T11:44:05: PM2 warn: [pidusage] We couldn't find uptime from /proc/uptime, using os.uptime() value
2025-12-26T11:44:35: PM2 warn: [pidusage] We couldn't find uptime from /proc/uptime, using os.uptime() value
2025-12-26T11:45:05: PM2 warn: [pidusage] We couldn't find uptime from /proc/uptime, using os.uptime() value
2025-12-26T11:45:35: PM2 warn: [pidusage] We couldn't find uptime from /proc/uptime, using os.uptime() value
2025-12-26T11:46:05: PM2 warn: [pidusage] We couldn't find uptime from /proc/uptime, using os.uptime() value
2025-12-26T11:46:35: PM2 warn: [pidusage] We couldn't find uptime from /proc/uptime, using os.uptime() value
2025-12-26T11:47:05: PM2 warn: [pidusage] We couldn't find uptime from /proc/uptime, using os.uptime() value
2025-12-26T11:47:35: PM2 warn: [pidusage] We couldn't find uptime from /proc/uptime, using os.uptime() value
2025-12-26T11:48:05: PM2 warn: [pidusage] We couldn't find uptime from /proc/uptime, using os.uptime() value
2025-12-26T11:48:35: PM2 warn: [pidusage] We couldn't find uptime from /proc/uptime, using os.uptime() value
2025-12-26T11:49:05: PM2 warn: [pidusage] We couldn't find uptime from /proc/uptime, using os.uptime() value
2025-12-26T11:49:35: PM2 warn: [pidusage] We couldn't find uptime from /proc/uptime, using os.uptime() value
2025-12-26T11:50:05: PM2 warn: [pidusage] We couldn't find uptime from /proc/uptime, using os.uptime() value
2025-12-26T11:50:35: PM2 warn: [pidusage] We couldn't find uptime from /proc/uptime, using os.uptime() value
2025-12-26T11:51:05: PM2 warn: [pidusage] We couldn't find uptime from /proc/uptime, using os.uptime() value
2025-12-26T11:51:35: PM2 warn: [pidusage] We couldn't find uptime from /proc/uptime, using os.uptime() value
2025-12-26T11:52:05: PM2 warn: [pidusage] We couldn't find uptime from /proc/uptime, using os.uptime() value
2025-12-26T11:52:35: PM2 warn: [pidusage] We couldn't find uptime from /proc/uptime, using os.uptime() value
2025-12-26T11:53:05: PM2 warn: [pidusage] We couldn't find uptime from /proc/uptime, using os.uptime() value
2025-12-26T11:53:35: PM2 warn: [pidusage] We couldn't find uptime from /proc/uptime, using os.uptime() value
2025-12-26T11:54:05: PM2 warn: [pidusage] We couldn't find uptime from /proc/uptime, using os.uptime() value
2025-12-26T11:54:35: PM2 warn: [pidusage] We couldn't find uptime from /proc/uptime, using os.uptime() value
2025-12-26T11:55:05: PM2 warn: [pidusage] We couldn't find uptime from /proc/uptime, using os.uptime() value
2025-12-26T11:55:35: PM2 warn: [pidusage] We couldn't find uptime from /proc/uptime, using os.uptime() value
2025-12-26T11:56:05: PM2 warn: [pidusage] We couldn't find uptime from /proc/uptime, using os.uptime() value
2025-12-26T11:56:35: PM2 warn: [pidusage] We couldn't find uptime from /proc/uptime, using os.uptime() value
2025-12-26T11:57:05: PM2 warn: [pidusage] We couldn't find uptime from /proc/uptime, using os.uptime() value
2025-12-26T11:57:35: PM2 warn: [pidusage] We couldn't find uptime from /proc/uptime, using os.uptime() value
2025-12-26T11:58:05: PM2 warn: [pidusage] We couldn't find uptime from /proc/uptime, using os.uptime() value
2025-12-26T11:58:35: PM2 warn: [pidusage] We couldn't find uptime from /proc/uptime, using os.uptime() value
2025-12-26T11:59:05: PM2 warn: [pidusage] We couldn't find uptime from /proc/uptime, using os.uptime() value
2025-12-26T11:59:35: PM2 warn: [pidusage] We couldn't find uptime from /proc/uptime, using os.uptime() value
2025-12-26T12:00:05: PM2 warn: [pidusage] We couldn't find uptime from /proc/uptime, using os.uptime() value
2025-12-26T12:00:35: PM2 warn: [pidusage] We couldn't find uptime from /proc/uptime, using os.uptime() value
2025-12-26T12:01:05: PM2 warn: [pidusage] We couldn't find uptime from /proc/uptime, using os.uptime() value
2025-12-26T12:01:35: PM2 warn: [pidusage] We couldn't find uptime from /proc/uptime, using os.uptime() value
2025-12-26T12:02:05: PM2 warn: [pidusage] We couldn't find uptime from /proc/uptime, using os.uptime() value
2025-12-26T12:02:36: PM2 warn: [pidusage] We couldn't find uptime from /proc/uptime, using os.uptime() value
2025-12-26T12:03:05: PM2 warn: [pidusage] We couldn't find uptime from /proc/uptime, using os.uptime() value
2025-12-26T12:03:36: PM2 warn: [pidusage] We couldn't find uptime from /proc/uptime, using os.uptime() value
2025-12-26T12:04:05: PM2 warn: [pidusage] We couldn't find uptime from /proc/uptime, using os.uptime() value
2025-12-26T12:04:35: PM2 warn: [pidusage] We couldn't find uptime from /proc/uptime, using os.uptime() value
2025-12-26T12:05:05: PM2 warn: [pidusage] We couldn't find uptime from /proc/uptime, using os.uptime() value
2025-12-26T12:05:35: PM2 warn: [pidusage] We couldn't find uptime from /proc/uptime, using os.uptime() value
2025-12-26T12:06:05: PM2 warn: [pidusage] We couldn't find uptime from /proc/uptime, using os.uptime() value
2025-12-26T12:06:35: PM2 warn: [pidusage] We couldn't find uptime from /proc/uptime, using os.uptime() value
2025-12-26T12:07:05: PM2 warn: [pidusage] We couldn't find uptime from /proc/uptime, using os.uptime() value
2025-12-26T12:07:35: PM2 warn: [pidusage] We couldn't find uptime from /proc/uptime, using os.uptime() value
2025-12-26T12:08:05: PM2 warn: [pidusage] We couldn't find uptime from /proc/uptime, using os.uptime() value
2025-12-26T12:08:35: PM2 warn: [pidusage] We couldn't find uptime from /proc/uptime, using os.uptime() value
2025-12-26T12:09:05: PM2 warn: [pidusage] We couldn't find uptime from /proc/uptime, using os.uptime() value
2025-12-26T12:09:35: PM2 warn: [pidusage] We couldn't find uptime from /proc/uptime, using os.uptime() value
2025-12-26T12:10:05: PM2 warn: [pidusage] We couldn't find uptime from /proc/uptime, using os.uptime() value
2025-12-26T12:10:35: PM2 warn: [pidusage] We couldn't find uptime from /proc/uptime, using os.uptime() value
2025-12-26T12:11:05: PM2 warn: [pidusage] We couldn't find uptime from /proc/uptime, using os.uptime() value
2025-12-26T12:11:35: PM2 warn: [pidusage] We couldn't find uptime from /proc/uptime, using os.uptime() value
2025-12-26T12:12:05: PM2 warn: [pidusage] We couldn't find uptime from /proc/uptime, using os.uptime() value
2025-12-26T12:12:35: PM2 warn: [pidusage] We couldn't find uptime from /proc/uptime, using os.uptime() value
2025-12-26T12:13:05: PM2 warn: [pidusage] We couldn't find uptime from /proc/uptime, using os.uptime() value
2025-12-26T12:13:35: PM2 warn: [pidusage] We couldn't find uptime from /proc/uptime, using os.uptime() value
2025-12-26T12:14:05: PM2 warn: [pidusage] We couldn't find uptime from /proc/uptime, using os.uptime() value
2025-12-26T12:14:35: PM2 warn: [pidusage] We couldn't find uptime from /proc/uptime, using os.uptime() value
2025-12-26T12:15:05: PM2 warn: [pidusage] We couldn't find uptime from /proc/uptime, using os.uptime() value
2025-12-26T12:15:35: PM2 warn: [pidusage] We couldn't find uptime from /proc/uptime, using os.uptime() value
2025-12-26T12:16:05: PM2 warn: [pidusage] We couldn't find uptime from /proc/uptime, using os.uptime() value
2025-12-26T12:16:35: PM2 warn: [pidusage] We couldn't find uptime from /proc/uptime, using os.uptime() value
2025-12-26T12:17:05: PM2 warn: [pidusage] We couldn't find uptime from /proc/uptime, using os.uptime() value
2025-12-26T12:17:35: PM2 warn: [pidusage] We couldn't find uptime from /proc/uptime, using os.uptime() value
2025-12-26T12:18:05: PM2 warn: [pidusage] We couldn't find uptime from /proc/uptime, using os.uptime() value
2025-12-26T12:18:35: PM2 warn: [pidusage] We couldn't find uptime from /proc/uptime, using os.uptime() value
2025-12-26T12:19:05: PM2 warn: [pidusage] We couldn't find uptime from /proc/uptime, using os.uptime() value
2025-12-26T12:19:35: PM2 warn: [pidusage] We couldn't find uptime from /proc/uptime, using os.uptime() value
2025-12-26T12:20:05: PM2 warn: [pidusage] We couldn't find uptime from /proc/uptime, using os.uptime() value
2025-12-26T12:20:35: PM2 warn: [pidusage] We couldn't find uptime from /proc/uptime, using os.uptime() value
2025-12-26T12:21:05: PM2 warn: [pidusage] We couldn't find uptime from /proc/uptime, using os.uptime() value
2025-12-26T12:21:35: PM2 warn: [pidusage] We couldn't find uptime from /proc/uptime, using os.uptime() value
2025-12-26T12:22:05: PM2 warn: [pidusage] We couldn't find uptime from /proc/uptime, using os.uptime() value
2025-12-26T12:22:35: PM2 warn: [pidusage] We couldn't find uptime from /proc/uptime, using os.uptime() value
2025-12-26T12:23:05: PM2 warn: [pidusage] We couldn't find uptime from /proc/uptime, using os.uptime() value
2025-12-26T12:23:35: PM2 warn: [pidusage] We couldn't find uptime from /proc/uptime, using os.uptime() value
2025-12-26T12:24:05: PM2 warn: [pidusage] We couldn't find uptime from /proc/uptime, using os.uptime() value
2025-12-26T12:24:35: PM2 warn: [pidusage] We couldn't find uptime from /proc/uptime, using os.uptime() value
2025-12-26T12:25:05: PM2 warn: [pidusage] We couldn't find uptime from /proc/uptime, using os.uptime() value
2025-12-26T12:25:35: PM2 warn: [pidusage] We couldn't find uptime from /proc/uptime, using os.uptime() value
2025-12-26T12:26:05: PM2 warn: [pidusage] We couldn't find uptime from /proc/uptime, using os.uptime() value
2025-12-26T12:26:35: PM2 warn: [pidusage] We couldn't find uptime from /proc/uptime, using os.uptime() value
2025-12-26T12:27:05: PM2 warn: [pidusage] We couldn't find uptime from /proc/uptime, using os.uptime() value
2025-12-26T12:27:35: PM2 warn: [pidusage] We couldn't find uptime from /proc/uptime, using os.uptime() value
2025-12-26T12:28:06: PM2 warn: [pidusage] We couldn't find uptime from /proc/uptime, using os.uptime() value
2025-12-26T12:28:35: PM2 warn: [pidusage] We couldn't find uptime from /proc/uptime, using os.uptime() value
2025-12-26T12:29:05: PM2 warn: [pidusage] We couldn't find uptime from /proc/uptime, using os.uptime() value
2025-12-26T12:29:35: PM2 warn: [pidusage] We couldn't find uptime from /proc/uptime, using os.uptime() value
2025-12-26T12:30:05: PM2 warn: [pidusage] We couldn't find uptime from /proc/uptime, using os.uptime() value
2025-12-26T12:30:35: PM2 warn: [pidusage] We couldn't find uptime from /proc/uptime, using os.uptime() value
2025-12-26T12:31:05: PM2 warn: [pidusage] We couldn't find uptime from /proc/uptime, using os.uptime() value
2025-12-26T12:31:35: PM2 warn: [pidusage] We couldn't find uptime from /proc/uptime, using os.uptime() value
2025-12-26T12:32:05: PM2 warn: [pidusage] We couldn't find uptime from /proc/uptime, using os.uptime() value
2025-12-26T12:32:35: PM2 warn: [pidusage] We couldn't find uptime from /proc/uptime, using os.uptime() value
2025-12-26T12:33:05: PM2 warn: [pidusage] We couldn't find uptime from /proc/uptime, using os.uptime() value
2025-12-26T12:33:35: PM2 warn: [pidusage] We couldn't find uptime from /proc/uptime, using os.uptime() value
2025-12-26T12:34:05: PM2 warn: [pidusage] We couldn't find uptime from /proc/uptime, using os.uptime() value
2025-12-26T12:34:35: PM2 warn: [pidusage] We couldn't find uptime from /proc/uptime, using os.uptime() value
2025-12-26T12:35:05: PM2 warn: [pidusage] We couldn't find uptime from /proc/uptime, using os.uptime() value
2025-12-26T12:35:35: PM2 warn: [pidusage] We couldn't find uptime from /proc/uptime, using os.uptime() value
2025-12-26T12:36:05: PM2 warn: [pidusage] We couldn't find uptime from /proc/uptime, using os.uptime() value
2025-12-26T12:36:35: PM2 warn: [pidusage] We couldn't find uptime from /proc/uptime, using os.uptime() value
2025-12-26T12:37:05: PM2 warn: [pidusage] We couldn't find uptime from /proc/uptime, using os.uptime() value
2025-12-26T12:37:35: PM2 warn: [pidusage] We couldn't find uptime from /proc/uptime, using os.uptime() value
2025-12-26T12:38:05: PM2 warn: [pidusage] We couldn't find uptime from /proc/uptime, using os.uptime() value
2025-12-26T12:38:35: PM2 warn: [pidusage] We couldn't find uptime from /proc/uptime, using os.uptime() value
2025-12-26T12:39:05: PM2 warn: [pidusage] We couldn't find uptime from /proc/uptime, using os.uptime() value
2025-12-26T12:39:35: PM2 warn: [pidusage] We couldn't find uptime from /proc/uptime, using os.uptime() value
2025-12-26T12:40:05: PM2 warn: [pidusage] We couldn't find uptime from /proc/uptime, using os.uptime() value
2025-12-26T12:40:35: PM2 warn: [pidusage] We couldn't find uptime from /proc/uptime, using os.uptime() value
2025-12-26T12:41:05: PM2 warn: [pidusage] We couldn't find uptime from /proc/uptime, using os.uptime() value
2025-12-26T12:41:35: PM2 warn: [pidusage] We couldn't find uptime from /proc/uptime, using os.uptime() value
2025-12-26T12:42:05: PM2 warn: [pidusage] We couldn't find uptime from /proc/uptime, using os.uptime() value
2025-12-26T12:42:35: PM2 warn: [pidusage] We couldn't find uptime from /proc/uptime, using os.uptime() value
2025-12-26T12:43:05: PM2 warn: [pidusage] We couldn't find uptime from /proc/uptime, using os.uptime() value
2025-12-26T12:43:35: PM2 warn: [pidusage] We couldn't find uptime from /proc/uptime, using os.uptime() value
2025-12-26T12:44:05: PM2 warn: [pidusage] We couldn't find uptime from /proc/uptime, using os.uptime() value
2025-12-26T12:44:35: PM2 warn: [pidusage] We couldn't find uptime from /proc/uptime, using os.uptime() value
2025-12-26T12:45:05: PM2 warn: [pidusage] We couldn't find uptime from /proc/uptime, using os.uptime() value
2025-12-26T12:45:35: PM2 warn: [pidusage] We couldn't find uptime from /proc/uptime, using os.uptime() value
2025-12-26T12:46:05: PM2 warn: [pidusage] We couldn't find uptime from /proc/uptime, using os.uptime() value
2025-12-26T12:46:35: PM2 warn: [pidusage] We couldn't find uptime from /proc/uptime, using os.uptime() value
2025-12-26T12:47:05: PM2 warn: [pidusage] We couldn't find uptime from /proc/uptime, using os.uptime() value
2025-12-26T12:47:35: PM2 warn: [pidusage] We couldn't find uptime from /proc/uptime, using os.uptime() value
2025-12-26T12:48:05: PM2 warn: [pidusage] We couldn't find uptime from /proc/uptime, using os.uptime() value
2025-12-26T12:48:35: PM2 warn: [pidusage] We couldn't find uptime from /proc/uptime, using os.uptime() value
2025-12-26T12:49:05: PM2 warn: [pidusage] We couldn't find uptime from /proc/uptime, using os.uptime() value
2025-12-26T12:49:35: PM2 warn: [pidusage] We couldn't find uptime from /proc/uptime, using os.uptime() value
2025-12-26T12:50:05: PM2 warn: [pidusage] We couldn't find uptime from /proc/uptime, using os.uptime() value
2025-12-26T12:50:35: PM2 warn: [pidusage] We couldn't find uptime from /proc/uptime, using os.uptime() value
2025-12-26T12:51:05: PM2 warn: [pidusage] We couldn't find uptime from /proc/uptime, using os.uptime() value
2025-12-26T12:51:35: PM2 warn: [pidusage] We couldn't find uptime from /proc/uptime, using os.uptime() value
2025-12-26T12:52:05: PM2 warn: [pidusage] We couldn't find uptime from /proc/uptime, using os.uptime() value
2025-12-26T12:52:35: PM2 warn: [pidusage] We couldn't find uptime from /proc/uptime, using os.uptime() value
2025-12-26T12:53:05: PM2 warn: [pidusage] We couldn't find uptime from /proc/uptime, using os.uptime() value
2025-12-26T12:53:35: PM2 warn: [pidusage] We couldn't find uptime from /proc/uptime, using os.uptime() value
2025-12-26T12:54:05: PM2 warn: [pidusage] We couldn't find uptime from /proc/uptime, using os.uptime() value
2025-12-26T12:54:35: PM2 warn: [pidusage] We couldn't find uptime from /proc/uptime, using os.uptime() value
2025-12-26T12:55:05: PM2 warn: [pidusage] We couldn't find uptime from /proc/uptime, using os.uptime() value
2025-12-26T12:55:35: PM2 warn: [pidusage] We couldn't find uptime from /proc/uptime, using os.uptime() value
2025-12-26T12:56:05: PM2 warn: [pidusage] We couldn't find uptime from /proc/uptime, using os.uptime() value
2025-12-26T12:56:35: PM2 warn: [pidusage] We couldn't find uptime from /proc/uptime, using os.uptime() value
2025-12-26T12:57:05: PM2 warn: [pidusage] We couldn't find uptime from /proc/uptime, using os.uptime() value
2025-12-26T12:57:35: PM2 warn: [pidusage] We couldn't find uptime from /proc/uptime, using os.uptime() value
2025-12-26T12:58:05: PM2 warn: [pidusage] We couldn't find uptime from /proc/uptime, using os.uptime() value
2025-12-26T12:58:35: PM2 warn: [pidusage] We couldn't find uptime from /proc/uptime, using os.uptime() value
2025-12-26T12:59:05: PM2 warn: [pidusage] We couldn't find uptime from /proc/uptime, using os.uptime() value
2025-12-26T12:59:35: PM2 warn: [pidusage] We couldn't find uptime from /proc/uptime, using os.uptime() value
2025-12-26T13:00:05: PM2 warn: [pidusage] We couldn't find uptime from /proc/uptime, using os.uptime() value
2025-12-26T13:00:35: PM2 warn: [pidusage] We couldn't find uptime from /proc/uptime, using os.uptime() value
2025-12-26T13:01:05: PM2 warn: [pidusage] We couldn't find uptime from /proc/uptime, using os.uptime() value
2025-12-26T13:01:35: PM2 warn: [pidusage] We couldn't find uptime from /proc/uptime, using os.uptime() value
2025-12-26T13:02:05: PM2 warn: [pidusage] We couldn't find uptime from /proc/uptime, using os.uptime() value
2025-12-26T13:02:35: PM2 warn: [pidusage] We couldn't find uptime from /proc/uptime, using os.uptime() value
2025-12-26T13:03:05: PM2 warn: [pidusage] We couldn't find uptime from /proc/uptime, using os.uptime() value
2025-12-26T13:03:35: PM2 warn: [pidusage] We couldn't find uptime from /proc/uptime, using os.uptime() value
2025-12-26T13:04:05: PM2 warn: [pidusage] We couldn't find uptime from /proc/uptime, using os.uptime() value
2025-12-26T13:04:35: PM2 warn: [pidusage] We couldn't find uptime from /proc/uptime, using os.uptime() value
2025-12-26T13:05:05: PM2 warn: [pidusage] We couldn't find uptime from /proc/uptime, using os.uptime() value
2025-12-26T13:05:35: PM2 warn: [pidusage] We couldn't find uptime from /proc/uptime, using os.uptime() value
2025-12-26T13:06:05: PM2 warn: [pidusage] We couldn't find uptime from /proc/uptime, using os.uptime() value
2025-12-26T13:06:35: PM2 warn: [pidusage] We couldn't find uptime from /proc/uptime, using os.uptime() value
2025-12-26T13:07:05: PM2 warn: [pidusage] We couldn't find uptime from /proc/uptime, using os.uptime() value
2025-12-26T13:07:35: PM2 warn: [pidusage] We couldn't find uptime from /proc/uptime, using os.uptime() value
2025-12-26T13:08:05: PM2 warn: [pidusage] We couldn't find uptime from /proc/uptime, using os.uptime() value
2025-12-26T13:08:35: PM2 warn: [pidusage] We couldn't find uptime from /proc/uptime, using os.uptime() value
2025-12-26T13:09:05: PM2 warn: [pidusage] We couldn't find uptime from /proc/uptime, using os.uptime() value
2025-12-26T13:09:35: PM2 warn: [pidusage] We couldn't find uptime from /proc/uptime, using os.uptime() value
2025-12-26T13:10:31: PM2 warn: [pidusage] We couldn't find uptime from /proc/uptime, using os.uptime() value
2025-12-26T13:11:01: PM2 warn: [pidusage] We couldn't find uptime from /proc/uptime, using os.uptime() value
2025-12-26T13:11:31: PM2 warn: [pidusage] We couldn't find uptime from /proc/uptime, using os.uptime() value
2025-12-26T13:12:01: PM2 warn: [pidusage] We couldn't find uptime from /proc/uptime, using os.uptime() value
2025-12-26T13:12:31: PM2 warn: [pidusage] We couldn't find uptime from /proc/uptime, using os.uptime() value
2025-12-26T13:13:01: PM2 warn: [pidusage] We couldn't find uptime from /proc/uptime, using os.uptime() value
2025-12-26T13:13:31: PM2 warn: [pidusage] We couldn't find uptime from /proc/uptime, using os.uptime() value
2025-12-26T13:14:01: PM2 warn: [pidusage] We couldn't find uptime from /proc/uptime, using os.uptime() value
2025-12-26T13:14:31: PM2 warn: [pidusage] We couldn't find uptime from /proc/uptime, using os.uptime() value
2025-12-26T13:15:01: PM2 warn: [pidusage] We couldn't find uptime from /proc/uptime, using os.uptime() value
2025-12-26T13:15:31: PM2 warn: [pidusage] We couldn't find uptime from /proc/uptime, using os.uptime() value
2025-12-26T13:16:01: PM2 warn: [pidusage] We couldn't find uptime from /proc/uptime, using os.uptime() value
2025-12-26T13:16:31: PM2 warn: [pidusage] We couldn't find uptime from /proc/uptime, using os.uptime() value
2025-12-26T13:17:01: PM2 warn: [pidusage] We couldn't find uptime from /proc/uptime, using os.uptime() value
2025-12-26T13:17:31: PM2 warn: [pidusage] We couldn't find uptime from /proc/uptime, using os.uptime() value
2025-12-26T13:18:01: PM2 warn: [pidusage] We couldn't find uptime from /proc/uptime, using os.uptime() value
2025-12-26T13:18:31: PM2 warn: [pidusage] We couldn't find uptime from /proc/uptime, using os.uptime() value
2025-12-26T13:19:01: PM2 warn: [pidusage] We couldn't find uptime from /proc/uptime, using os.uptime() value
2025-12-26T13:19:31: PM2 warn: [pidusage] We couldn't find uptime from /proc/uptime, using os.uptime() value
2025-12-26T13:20:01: PM2 warn: [pidusage] We couldn't find uptime from /proc/uptime, using os.uptime() value
2025-12-26T13:20:31: PM2 warn: [pidusage] We couldn't find uptime from /proc/uptime, using os.uptime() value
2025-12-26T13:21:01: PM2 warn: [pidusage] We couldn't find uptime from /proc/uptime, using os.uptime() value
2025-12-26T13:21:31: PM2 warn: [pidusage] We couldn't find uptime from /proc/uptime, using os.uptime() value
2025-12-26T13:22:01: PM2 warn: [pidusage] We couldn't find uptime from /proc/uptime, using os.uptime() value
2025-12-26T13:22:31: PM2 warn: [pidusage] We couldn't find uptime from /proc/uptime, using os.uptime() value
2025-12-26T13:23:01: PM2 warn: [pidusage] We couldn't find uptime from /proc/uptime, using os.uptime() value
2025-12-26T13:23:31: PM2 warn: [pidusage] We couldn't find uptime from /proc/uptime, using os.uptime() value
2025-12-26T13:24:01: PM2 warn: [pidusage] We couldn't find uptime from /proc/uptime, using os.uptime() value
2025-12-26T13:24:31: PM2 warn: [pidusage] We couldn't find uptime from /proc/uptime, using os.uptime() value
2025-12-26T13:25:01: PM2 warn: [pidusage] We couldn't find uptime from /proc/uptime, using os.uptime() value
2025-12-26T13:25:31: PM2 warn: [pidusage] We couldn't find uptime from /proc/uptime, using os.uptime() value
2025-12-26T13:26:01: PM2 warn: [pidusage] We couldn't find uptime from /proc/uptime, using os.uptime() value
2025-12-26T13:26:31: PM2 warn: [pidusage] We couldn't find uptime from /proc/uptime, using os.uptime() value
2025-12-26T13:27:01: PM2 warn: [pidusage] We couldn't find uptime from /proc/uptime, using os.uptime() value
2025-12-26T13:27:31: PM2 warn: [pidusage] We couldn't find uptime from /proc/uptime, using os.uptime() value
2025-12-26T13:28:01: PM2 warn: [pidusage] We couldn't find uptime from /proc/uptime, using os.uptime() value
2025-12-26T13:28:31: PM2 warn: [pidusage] We couldn't find uptime from /proc/uptime, using os.uptime() value
2025-12-26T13:29:01: PM2 warn: [pidusage] We couldn't find uptime from /proc/uptime, using os.uptime() value
2025-12-26T13:29:31: PM2 warn: [pidusage] We couldn't find uptime from /proc/uptime, using os.uptime() value
2025-12-26T13:30:01: PM2 warn: [pidusage] We couldn't find uptime from /proc/uptime, using os.uptime() value
2025-12-26T13:30:31: PM2 warn: [pidusage] We couldn't find uptime from /proc/uptime, using os.uptime() value
2025-12-26T13:31:01: PM2 warn: [pidusage] We couldn't find uptime from /proc/uptime, using os.uptime() value
2025-12-26T13:31:31: PM2 warn: [pidusage] We couldn't find uptime from /proc/uptime, using os.uptime() value
2025-12-26T13:32:01: PM2 warn: [pidusage] We couldn't find uptime from /proc/uptime, using os.uptime() value
2025-12-26T13:32:31: PM2 warn: [pidusage] We couldn't find uptime from /proc/uptime, using os.uptime() value
2025-12-26T13:33:01: PM2 warn: [pidusage] We couldn't find uptime from /proc/uptime, using os.uptime() value
2025-12-26T13:33:31: PM2 warn: [pidusage] We couldn't find uptime from /proc/uptime, using os.uptime() value
2025-12-26T13:34:01: PM2 warn: [pidusage] We couldn't find uptime from /proc/uptime, using os.uptime() value
2025-12-26T13:34:31: PM2 warn: [pidusage] We couldn't find uptime from /proc/uptime, using os.uptime() value
2025-12-26T13:35:01: PM2 warn: [pidusage] We couldn't find uptime from /proc/uptime, using os.uptime() value
2025-12-26T13:35:31: PM2 warn: [pidusage] We couldn't find uptime from /proc/uptime, using os.uptime() value
2025-12-26T13:36:01: PM2 warn: [pidusage] We couldn't find uptime from /proc/uptime, using os.uptime() value
2025-12-26T13:36:31: PM2 warn: [pidusage] We couldn't find uptime from /proc/uptime, using os.uptime() value
2025-12-26T13:37:01: PM2 warn: [pidusage] We couldn't find uptime from /proc/uptime, using os.uptime() value
2025-12-26T13:37:31: PM2 warn: [pidusage] We couldn't find uptime from /proc/uptime, using os.uptime() value
2025-12-26T13:38:01: PM2 warn: [pidusage] We couldn't find uptime from /proc/uptime, using os.uptime() value
2025-12-26T13:38:31: PM2 warn: [pidusage] We couldn't find uptime from /proc/uptime, using os.uptime() value
2025-12-26T13:39:01: PM2 warn: [pidusage] We couldn't find uptime from /proc/uptime, using os.uptime() value
2025-12-26T13:39:31: PM2 warn: [pidusage] We couldn't find uptime from /proc/uptime, using os.uptime() value
2025-12-26T13:40:01: PM2 warn: [pidusage] We couldn't find uptime from /proc/uptime, using os.uptime() value
2025-12-26T13:40:31: PM2 warn: [pidusage] We couldn't find uptime from /proc/uptime, using os.uptime() value
2025-12-26T13:41:01: PM2 warn: [pidusage] We couldn't find uptime from /proc/uptime, using os.uptime() value
2025-12-26T13:41:31: PM2 warn: [pidusage] We couldn't find uptime from /proc/uptime, using os.uptime() value
2025-12-26T13:42:01: PM2 warn: [pidusage] We couldn't find uptime from /proc/uptime, using os.uptime() value
2025-12-26T13:42:31: PM2 warn: [pidusage] We couldn't find uptime from /proc/uptime, using os.uptime() value
2025-12-26T13:43:01: PM2 warn: [pidusage] We couldn't find uptime from /proc/uptime, using os.uptime() value
2025-12-26T13:43:31: PM2 warn: [pidusage] We couldn't find uptime from /proc/uptime, using os.uptime() value
2025-12-26T13:44:01: PM2 warn: [pidusage] We couldn't find uptime from /proc/uptime, using os.uptime() value
2025-12-26T13:44:31: PM2 warn: [pidusage] We couldn't find uptime from /proc/uptime, using os.uptime() value
2025-12-26T13:45:01: PM2 warn: [pidusage] We couldn't find uptime from /proc/uptime, using os.uptime() value
2025-12-26T13:45:31: PM2 warn: [pidusage] We couldn't find uptime from /proc/uptime, using os.uptime() value
2025-12-26T13:46:01: PM2 warn: [pidusage] We couldn't find uptime from /proc/uptime, using os.uptime() value
2025-12-26T13:46:31: PM2 warn: [pidusage] We couldn't find uptime from /proc/uptime, using os.uptime() value
2025-12-26T13:47:01: PM2 warn: [pidusage] We couldn't find uptime from /proc/uptime, using os.uptime() value
2025-12-26T13:47:31: PM2 warn: [pidusage] We couldn't find uptime from /proc/uptime, using os.uptime() value
2025-12-26T13:48:01: PM2 warn: [pidusage] We couldn't find uptime from /proc/uptime, using os.uptime() value
2025-12-26T13:48:31: PM2 warn: [pidusage] We couldn't find uptime from /proc/uptime, using os.uptime() value
2025-12-26T13:49:01: PM2 warn: [pidusage] We couldn't find uptime from /proc/uptime, using os.uptime() value
2025-12-26T13:49:31: PM2 warn: [pidusage] We couldn't find uptime from /proc/uptime, using os.uptime() value
2025-12-26T13:50:01: PM2 warn: [pidusage] We couldn't find uptime from /proc/uptime, using os.uptime() value
2025-12-26T13:50:31: PM2 warn: [pidusage] We couldn't find uptime from /proc/uptime, using os.uptime() value
2025-12-26T13:51:01: PM2 warn: [pidusage] We couldn't find uptime from /proc/uptime, using os.uptime() value
2025-12-26T13:51:31: PM2 warn: [pidusage] We couldn't find uptime from /proc/uptime, using os.uptime() value
2025-12-26T13:52:01: PM2 warn: [pidusage] We couldn't find uptime from /proc/uptime, using os.uptime() value
2025-12-26T13:52:31: PM2 warn: [pidusage] We couldn't find uptime from /proc/uptime, using os.uptime() value
2025-12-26T13:53:01: PM2 warn: [pidusage] We couldn't find uptime from /proc/uptime, using os.uptime() value
2025-12-26T13:53:31: PM2 warn: [pidusage] We couldn't find uptime from /proc/uptime, using os.uptime() value
2025-12-26T13:54:01: PM2 warn: [pidusage] We couldn't find uptime from /proc/uptime, using os.uptime() value
2025-12-26T13:54:31: PM2 warn: [pidusage] We couldn't find uptime from /proc/uptime, using os.uptime() value
2025-12-26T13:55:01: PM2 warn: [pidusage] We couldn't find uptime from /proc/uptime, using os.uptime() value
2025-12-26T13:55:31: PM2 warn: [pidusage] We couldn't find uptime from /proc/uptime, using os.uptime() value
2025-12-26T13:56:01: PM2 warn: [pidusage] We couldn't find uptime from /proc/uptime, using os.uptime() value
2025-12-26T13:56:31: PM2 warn: [pidusage] We couldn't find uptime from /proc/uptime, using os.uptime() value
2025-12-26T13:57:01: PM2 warn: [pidusage] We couldn't find uptime from /proc/uptime, using os.uptime() value
2025-12-26T13:57:31: PM2 warn: [pidusage] We couldn't find uptime from /proc/uptime, using os.uptime() value
2025-12-26T13:58:01: PM2 warn: [pidusage] We couldn't find uptime from /proc/uptime, using os.uptime() value
2025-12-26T13:58:31: PM2 warn: [pidusage] We couldn't find uptime from /proc/uptime, using os.uptime() value
2025-12-26T13:59:01: PM2 warn: [pidusage] We couldn't find uptime from /proc/uptime, using os.uptime() value
2025-12-26T13:59:31: PM2 warn: [pidusage] We couldn't find uptime from /proc/uptime, using os.uptime() value
2025-12-26T14:00:01: PM2 warn: [pidusage] We couldn't find uptime from /proc/uptime, using os.uptime() value
2025-12-26T14:00:31: PM2 warn: [pidusage] We couldn't find uptime from /proc/uptime, using os.uptime() value
2025-12-26T14:01:01: PM2 warn: [pidusage] We couldn't find uptime from /proc/uptime, using os.uptime() value
2025-12-26T14:01:31: PM2 warn: [pidusage] We couldn't find uptime from /proc/uptime, using os.uptime() value
2025-12-26T14:02:01: PM2 warn: [pidusage] We couldn't find uptime from /proc/uptime, using os.uptime() value
2025-12-26T14:02:31: PM2 warn: [pidusage] We couldn't find uptime from /proc/uptime, using os.uptime() value
2025-12-26T14:03:01: PM2 warn: [pidusage] We couldn't find uptime from /proc/uptime, using os.uptime() value
2025-12-26T14:04:20: PM2 warn: [pidusage] We couldn't find uptime from /proc/uptime, using os.uptime() value
2025-12-26T14:06:08: PM2 warn: [pidusage] We couldn't find uptime from /proc/uptime, using os.uptime() value
2025-12-26T14:07:13: PM2 warn: [pidusage] We couldn't find uptime from /proc/uptime, using os.uptime() value
2025-12-26T14:07:52: PM2 warn: [pidusage] We couldn't find uptime from /proc/uptime, using os.uptime() value
2025-12-26T14:09:41: PM2 warn: [pidusage] We couldn't find uptime from /proc/uptime, using os.uptime() value
2025-12-26T14:11:17: PM2 warn: [pidusage] We couldn't find uptime from /proc/uptime, using os.uptime() value
2025-12-26T14:12:53: PM2 warn: [pidusage] We couldn't find uptime from /proc/uptime, using os.uptime() value
2025-12-26T14:14:16: PM2 warn: [pidusage] We couldn't find uptime from /proc/uptime, using os.uptime() value
2025-12-26T14:15:34: PM2 warn: [pidusage] We couldn't find uptime from /proc/uptime, using os.uptime() value
2025-12-26T14:16:04: PM2 warn: [pidusage] We couldn't find uptime from /proc/uptime, using os.uptime() value
2025-12-26T14:16:34: PM2 warn: [pidusage] We couldn't find uptime from /proc/uptime, using os.uptime() value
2025-12-26T14:17:04: PM2 warn: [pidusage] We couldn't find uptime from /proc/uptime, using os.uptime() value
2025-12-26T14:17:34: PM2 warn: [pidusage] We couldn't find uptime from /proc/uptime, using os.uptime() value
